<?xml version="1.0" encoding="UTF-8"?>
<!-- Generated by org.testng.reporters.JUnitXMLReporter -->
<testsuite ignored="0" hostname="VaniSuresh" failures="0" tests="4" name="Surefire test" time="0.041" errors="0" timestamp="2025-06-06T10:07:44 IST">
  <testcase classname="TestNG.TestNGSample" name="Logout" time="0.004"/>
  <testcase classname="TestNG.TestNGSample" name="Login" time="0.002"/>
  <testcase classname="TestNG.TestNGSample" name="Search" time="0.001"/>
  <testcase classname="TestNG.TestNGSample" name="Advancedsearch" time="0.001"/>
</testsuite> <!-- Surefire test -->
